<?xml version="1.0" encoding="UTF-8"?>
<!-- Generated by org.testng.reporters.JUnitReportReporter -->
<testsuite hostname="ojt2-PC" name="DriverFactory.AppTest" tests="1" failures="0" timestamp="6 Dec 2019 08:05:32 GMT" time="0.058" errors="0">
  <testcase name="f" time="0.058" classname="DriverFactory.AppTest"/>
</testsuite> <!-- DriverFactory.AppTest -->
